# JRE version: OpenJDK Runtime Environment Temurin-17.0.12+7 (17.0.12+7) (build 17.0.12+7)
# Java VM: OpenJDK 64-Bit Server VM Temurin-17.0.12+7 (17.0.12+7, mixed mode, sharing, tiered, compressed oops, compressed class ptrs, g1 gc, windows-amd64)
GC Precious Log:
 CPUs: 4 total, 4 available
 Memory: 16342M
 Large Page Support: Disabled
 NUMA Support: Disabled
 Compressed Oops: Enabled (32-bit)
 Heap Region Size: 1M
 Heap Min Capacity: 256M
 Heap Initial Capacity: 256M
 Heap Max Capacity: 512M
 Pre-touch: Disabled
 Parallel Workers: 4
 Concurrent Workers: 1
 Concurrent Refinement Workers: 4
 Periodic GC: Disabled
Heap:
 garbage-first heap   total 262144K, used 171978K [0x00000000e0000000, 0x0000000100000000)
  region size 1024K, 138 young (141312K), 1 survivors (1024K)
 Metaspace       used 49268K, committed 49792K, reserved 393216K
  class space    used 7014K, committed 7232K, reserved 327680K
GC Heap History (14 events):
Event: 7.972 GC heap before
{Heap before GC invocations=0 (full 0):
 garbage-first heap   total 262144K, used 13312K [0x00000000e0000000, 0x0000000100000000)
  region size 1024K, 13 young (13312K), 0 survivors (0K)
 Metaspace       used 810K, committed 896K, reserved 393216K
  class space    used 66K, committed 128K, reserved 327680K
}
Event: 7.977 GC heap after
{Heap after GC invocations=1 (full 0):
 garbage-first heap   total 262144K, used 1404K [0x00000000e0000000, 0x0000000100000000)
  region size 1024K, 2 young (2048K), 2 survivors (2048K)
 Metaspace       used 810K, committed 896K, reserved 393216K
  class space    used 66K, committed 128K, reserved 327680K
}
Event: 20.804 GC heap before
{Heap before GC invocations=1 (full 0):
 garbage-first heap   total 262144K, used 21884K [0x00000000e0000000, 0x0000000100000000)
  region size 1024K, 20 young (20480K), 2 survivors (2048K)
 Metaspace       used 2543K, committed 2752K, reserved 393216K
  class space    used 274K, committed 384K, reserved 327680K
}
Event: 20.807 GC heap after
{Heap after GC invocations=2 (full 0):
 garbage-first heap   total 262144K, used 9725K [0x00000000e0000000, 0x0000000100000000)
  region size 1024K, 3 young (3072K), 3 survivors (3072K)
 Metaspace       used 2543K, committed 2752K, reserved 393216K
  class space    used 274K, committed 384K, reserved 327680K
}
Event: 45.019 GC heap before
{Heap before GC invocations=2 (full 0):
 garbage-first heap   total 262144K, used 165373K [0x00000000e0000000, 0x0000000100000000)
  region size 1024K, 153 young (156672K), 3 survivors (3072K)
 Metaspace       used 18445K, committed 18752K, reserved 393216K
  class space    used 2674K, committed 2816K, reserved 327680K
}
Event: 45.030 GC heap after
{Heap after GC invocations=3 (full 0):
 garbage-first heap   total 262144K, used 22221K [0x00000000e0000000, 0x0000000100000000)
  region size 1024K, 15 young (15360K), 15 survivors (15360K)
 Metaspace       used 18445K, committed 18752K, reserved 393216K
  class space    used 2674K, committed 2816K, reserved 327680K
}
Event: 46.039 GC heap before
{Heap before GC invocations=3 (full 0):
 garbage-first heap   total 262144K, used 45773K [0x00000000e0000000, 0x0000000100000000)
  region size 1024K, 39 young (39936K), 15 survivors (15360K)
 Metaspace       used 21161K, committed 21504K, reserved 393216K
  class space    used 3089K, committed 3264K, reserved 327680K
}
Event: 46.049 GC heap after
{Heap after GC invocations=4 (full 0):
 garbage-first heap   total 262144K, used 24826K [0x00000000e0000000, 0x0000000100000000)
  region size 1024K, 3 young (3072K), 3 survivors (3072K)
 Metaspace       used 21161K, committed 21504K, reserved 393216K
  class space    used 3089K, committed 3264K, reserved 327680K
}
Event: 52.634 GC heap before
{Heap before GC invocations=5 (full 0):
 garbage-first heap   total 262144K, used 145658K [0x00000000e0000000, 0x0000000100000000)
  region size 1024K, 118 young (120832K), 3 survivors (3072K)
 Metaspace       used 35591K, committed 35968K, reserved 393216K
  class space    used 4950K, committed 5120K, reserved 327680K
}
Event: 52.641 GC heap after
{Heap after GC invocations=6 (full 0):
 garbage-first heap   total 262144K, used 32039K [0x00000000e0000000, 0x0000000100000000)
  region size 1024K, 10 young (10240K), 10 survivors (10240K)
 Metaspace       used 35591K, committed 35968K, reserved 393216K
  class space    used 4950K, committed 5120K, reserved 327680K
}
Event: 52.835 GC heap before
{Heap before GC invocations=6 (full 0):
 garbage-first heap   total 262144K, used 33063K [0x00000000e0000000, 0x0000000100000000)
  region size 1024K, 12 young (12288K), 10 survivors (10240K)
 Metaspace       used 35809K, committed 36224K, reserved 393216K
  class space    used 4988K, committed 5184K, reserved 327680K
}
Event: 52.841 GC heap after
{Heap after GC invocations=7 (full 0):
 garbage-first heap   total 262144K, used 32686K [0x00000000e0000000, 0x0000000100000000)
  region size 1024K, 2 young (2048K), 2 survivors (2048K)
 Metaspace       used 35809K, committed 36224K, reserved 393216K
  class space    used 4988K, committed 5184K, reserved 327680K
}
Event: 52.859 GC heap before
{Heap before GC invocations=7 (full 0):
 garbage-first heap   total 262144K, used 32686K [0x00000000e0000000, 0x0000000100000000)
  region size 1024K, 3 young (3072K), 2 survivors (2048K)
 Metaspace       used 35920K, committed 36288K, reserved 393216K
  class space    used 5000K, committed 5184K, reserved 327680K
}
Event: 52.860 GC heap after
{Heap after GC invocations=8 (full 0):
 garbage-first heap   total 262144K, used 31690K [0x00000000e0000000, 0x0000000100000000)
  region size 1024K, 1 young (1024K), 1 survivors (1024K)
 Metaspace       used 35920K, committed 36288K, reserved 393216K
  class space    used 5000K, committed 5184K, reserved 327680K
}

